2026-04-10 15:13:16, MOVE, v:1, k:fup@jokenpo, mode:PICK
2026-04-10 15:13:17, EXEC, v:1, k:fup@jokenpo, mode:FULL, rate:100
2026-04-10 15:13:19, EXEC, v:1, k:fup@jokenpo, mode:FULL, rate:100
2026-04-10 15:13:21, MOVE, v:1, k:fup@jokenpo, mode:BACK
2026-04-10 15:13:33, MOVE, v:1, k:fup@mumia, mode:PICK
2026-04-10 15:13:34, EXEC, v:1, k:fup@mumia, mode:FULL, rate:100
2026-04-10 15:13:35, MOVE, v:1, k:fup@mumia, mode:BACK
2026-04-10 15:14:16, MOVE, v:1, k:fup@final, mode:PICK
2026-04-10 15:14:18, EXEC, v:1, k:fup@final, mode:FULL, rate:40
2026-04-10 15:13:19, MOVE, v:1, k:fup@jokenpo, mode:EDIT
2026-04-10 15:13:34, MOVE, v:1, k:fup@mumia, mode:EDIT
2026-04-10 15:14:17, MOVE, v:1, k:fup@final, mode:EDIT
2026-04-10 15:16:37, MOVE, v:1, k:fup@final, mode:EDIT
2026-04-10 15:22:06, MOVE, v:1, k:fup@final, mode:EDIT
2026-04-10 15:23:11, EXEC, v:1, k:fup@final, mode:FULL, rate:60, size:21
2026-04-10 15:25:05, EXEC, v:1, k:fup@final, mode:FULL, rate:100, size:21
2026-04-10 15:25:18, EXEC, v:1, k:fup@final, mode:FULL, rate:100, size:21
2026-04-10 15:25:23, EXEC, v:1, k:fup@final, mode:FULL, rate:100
2026-04-10 15:25:24, MOVE, v:1, k:fup@final, mode:BACK
2026-04-10 15:26:10, SELF, v:1, k:fup@final, self:1, rate:100, study:25, friend:Jordan
2026-04-10 15:26:25, MOVE, v:1, k:fup@final, mode:PICK
2026-04-10 15:26:50, EXEC, v:1, k:fup@final, mode:FULL, rate:100
2026-04-10 15:26:53, MOVE, v:1, k:fup@final, mode:BACK
2026-04-10 15:26:56, MOVE, v:1, k:fup@semana, mode:DOWN
2026-04-10 15:26:57, MOVE, v:1, k:fup@semana, mode:PICK
2026-04-10 15:26:58, EXEC, v:1, k:fup@semana, mode:FULL, rate:0, size:5
2026-04-10 15:25:17, MOVE, v:1, k:fup@final, mode:EDIT
2026-04-10 15:26:50, MOVE, v:1, k:fup@final, mode:EDIT
2026-04-10 15:26:56, MOVE, v:1, k:fup@semana, mode:EDIT
2026-04-10 15:26:56, MOVE, v:1, k:fup@semana, mode:EDIT
2026-04-10 15:26:56, MOVE, v:1, k:fup@semana, mode:EDIT
2026-04-10 15:26:58, MOVE, v:1, k:fup@semana, mode:EDIT
2026-04-10 15:32:09, MOVE, v:1, k:fup@semana, mode:EDIT
2026-04-10 15:36:45, MOVE, v:1, k:fup@semana, mode:EDIT
2026-04-10 15:38:16, EXEC, v:1, k:fup@semana, mode:FULL, rate:35, size:12
2026-04-10 15:38:42, EXEC, v:1, k:fup@semana, mode:FULL, rate:55, size:14
2026-04-10 15:41:29, EXEC, v:1, k:fup@semana, mode:FULL, size:15, fail:COMP
2026-04-10 15:42:10, MOVE, v:1, k:fup@semana, mode:EDIT
2026-04-10 15:38:42, MOVE, v:1, k:fup@semana, mode:EDIT
2026-04-10 15:42:12, EXEC, v:1, k:fup@semana, mode:FULL, rate:55, size:14
2026-04-10 15:42:28, EXEC, v:1, k:fup@semana, mode:FULL, rate:55, size:16
2026-04-10 15:46:27, EXEC, v:1, k:fup@semana, mode:FULL, rate:55, size:21
2026-04-10 15:46:27, MOVE, v:1, k:fup@semana, mode:EDIT
2026-04-10 15:47:06, MOVE, v:1, k:fup@semana, mode:EDIT
2026-04-10 15:48:53, EXEC, v:1, k:fup@semana, mode:FULL, rate:55, size:23
2026-04-10 15:49:36, EXEC, v:1, k:fup@semana, mode:FULL, rate:55, size:23
2026-04-10 15:50:24, EXEC, v:1, k:fup@semana, mode:FULL, rate:55, size:23
2026-04-10 15:52:06, MOVE, v:1, k:fup@semana, mode:EDIT
2026-04-10 15:50:23, MOVE, v:1, k:fup@semana, mode:EDIT
2026-04-10 15:52:25, EXEC, v:1, k:fup@semana, mode:FULL, rate:85, size:23
2026-04-10 15:52:39, EXEC, v:1, k:fup@semana, mode:FULL, rate:100, size:23
2026-04-10 15:52:44, EXEC, v:1, k:fup@semana, mode:FULL, rate:100
2026-04-10 15:52:57, EXEC, v:1, k:fup@semana, mode:FULL, rate:100, size:23
2026-04-10 15:53:04, EXEC, v:1, k:fup@semana, mode:FULL, rate:100
2026-04-10 15:53:07, MOVE, v:1, k:fup@semana, mode:BACK
2026-04-10 15:53:45, SELF, v:1, k:fup@semana, self:1, rate:100, friend:Cesario
2026-04-10 15:54:32, MOVE, v:1, k:fup@varetas, mode:DOWN
2026-04-10 15:54:33, MOVE, v:1, k:fup@varetas, mode:PICK
2026-04-10 15:54:40, EXEC, v:1, k:fup@varetas, mode:FULL, rate:0, size:5
2026-04-10 15:52:56, MOVE, v:1, k:fup@semana, mode:EDIT
2026-04-10 15:53:03, MOVE, v:1, k:fup@semana, mode:EDIT
2026-04-10 15:54:32, MOVE, v:1, k:fup@varetas, mode:EDIT
2026-04-10 15:54:32, MOVE, v:1, k:fup@varetas, mode:EDIT
2026-04-10 15:54:39, MOVE, v:1, k:fup@varetas, mode:EDIT
2026-04-10 16:02:06, EXEC, v:1, k:fup@varetas, mode:FULL, rate:4, size:14
2026-04-10 16:02:04, MOVE, v:1, k:fup@varetas, mode:EDIT
2026-04-10 16:02:05, MOVE, v:1, k:fup@varetas, mode:EDIT
2026-04-10 16:02:43, EXEC, v:1, k:fup@varetas, mode:FULL, rate:53, size:16
2026-04-10 16:03:13, EXEC, v:1, k:fup@varetas, mode:FULL, size:16, fail:COMP
2026-04-10 16:03:35, EXEC, v:1, k:fup@varetas, mode:FULL, rate:51, size:16
2026-04-10 16:06:08, EXEC, v:1, k:fup@varetas, mode:FULL, rate:100, size:16
2026-04-10 16:06:27, EXEC, v:1, k:fup@varetas, mode:FULL, rate:100
2026-04-10 16:06:27, MOVE, v:1, k:fup@varetas, mode:BACK
2026-04-10 16:07:03, SELF, v:1, k:fup@varetas, self:1, rate:100, study:12, friend:Jordan
2026-04-10 16:06:06, MOVE, v:1, k:fup@varetas, mode:EDIT
2026-04-10 16:06:25, MOVE, v:1, k:fup@varetas, mode:EDIT
2026-04-10 16:07:28, MOVE, v:1, k:fup@bhaskara, mode:DOWN
2026-04-10 16:07:30, MOVE, v:1, k:fup@bhaskara, mode:PICK
2026-04-10 16:07:32, EXEC, v:1, k:fup@bhaskara, mode:FULL, rate:0, size:5
2026-04-10 16:08:43, MOVE, v:1, k:fup@bhaskara, mode:BACK
2026-04-10 16:10:24, MOVE, v:1, k:fup@bhaskara, mode:PICK
2026-04-10 16:10:25, EXEC, v:1, k:fup@bhaskara, mode:FULL, size:5, fail:COMP
2026-04-10 16:07:28, MOVE, v:1, k:fup@bhaskara, mode:EDIT
2026-04-10 16:07:28, MOVE, v:1, k:fup@bhaskara, mode:EDIT
2026-04-10 16:12:06, MOVE, v:1, k:fup@bhaskara, mode:EDIT
2026-04-10 16:07:32, MOVE, v:1, k:fup@bhaskara, mode:EDIT
2026-04-10 16:17:03, MOVE, v:1, k:fup@bhaskara, mode:EDIT
2026-04-10 16:22:08, MOVE, v:1, k:fup@bhaskara, mode:EDIT
2026-04-10 16:23:30, EXEC, v:1, k:fup@bhaskara, mode:FULL, size:22, fail:COMP
2026-04-10 16:23:38, EXEC, v:1, k:fup@bhaskara, mode:FULL, size:22, fail:COMP
2026-04-10 16:24:05, EXEC, v:1, k:fup@bhaskara, mode:FULL, size:22, fail:COMP
2026-04-10 16:24:47, EXEC, v:1, k:fup@bhaskara, mode:FULL, size:22, fail:COMP
2026-04-10 16:24:59, EXEC, v:1, k:fup@bhaskara, mode:FULL, size:22, fail:COMP
2026-04-10 16:26:58, EXEC, v:1, k:fup@bhaskara, mode:FULL, rate:0, size:25
2026-04-10 16:26:58, MOVE, v:1, k:fup@bhaskara, mode:EDIT
2026-04-10 16:26:58, MOVE, v:1, k:fup@bhaskara, mode:EDIT
2026-04-10 16:27:26, EXEC, v:1, k:fup@bhaskara, mode:FULL, rate:14, size:25
2026-04-10 16:27:38, EXEC, v:1, k:fup@bhaskara, mode:FULL, rate:14, size:25
2026-04-10 16:28:14, EXEC, v:1, k:fup@bhaskara, mode:FULL, rate:0, size:26
2026-04-10 16:31:12, EXEC, v:1, k:fup@bhaskara, mode:FULL, size:28, fail:COMP
2026-04-10 16:31:26, EXEC, v:1, k:fup@bhaskara, mode:FULL, rate:0, size:28
2026-04-10 16:31:56, EXEC, v:1, k:fup@bhaskara, mode:FULL, size:28, fail:COMP
2026-04-10 16:32:04, MOVE, v:1, k:fup@bhaskara, mode:EDIT
2026-04-10 16:31:26, MOVE, v:1, k:fup@bhaskara, mode:EDIT
2026-04-10 16:32:15, EXEC, v:1, k:fup@bhaskara, mode:FULL, rate:0, size:28
2026-04-10 16:33:17, EXEC, v:1, k:fup@bhaskara, mode:FULL, size:32, fail:COMP
2026-04-10 16:33:19, EXEC, v:1, k:fup@bhaskara, mode:FULL, fail:COMP
2026-04-10 16:33:41, EXEC, v:1, k:fup@bhaskara, mode:FULL, rate:0, size:32
2026-04-10 16:33:44, MOVE, v:1, k:fup@bhaskara, mode:BACK
