2026-03-16 17:32:49, MOVE, v:1, k:sandbox@user_001, mode:PICK
2026-03-16 17:32:57, EXEC, v:1, k:sandbox@user_001, mode:LOCK, rate:0, size:5
2026-03-16 17:36:31, EXEC, v:1, k:sandbox@user_001, mode:LOCK, rate:0, size:5
2026-03-16 17:42:30, EXEC, v:1, k:sandbox@user_001, mode:FULL, size:10, fail:COMP
2026-03-16 17:42:36, EXEC, v:1, k:sandbox@user_001, mode:FREE
2026-03-16 17:44:17, MOVE, v:1, k:sandbox@user_001, mode:BACK
2026-03-16 17:44:38, MOVE, v:1, k:fup@resto, mode:PICK
2026-03-16 17:50:41, MOVE, v:1, k:fup@resto, mode:BACK
2026-03-16 17:50:55, MOVE, v:1, k:fup@tres, mode:PICK
2026-03-16 17:50:58, EXEC, v:1, k:fup@tres, mode:FULL, rate:100
2026-03-16 17:51:37, MOVE, v:1, k:fup@tres, mode:BACK
2026-03-16 17:51:45, MOVE, v:1, k:fup@resto, mode:PICK
2026-03-16 17:51:46, EXEC, v:1, k:fup@resto, mode:FULL, rate:0
2026-03-16 18:15:44, EXEC, v:1, k:fup@resto, mode:FULL, rate:0, size:19
2026-03-16 18:17:19, EXEC, v:1, k:fup@resto, mode:FULL, rate:0
2026-03-16 18:17:56, EXEC, v:1, k:fup@resto, mode:FULL, rate:0, size:17
2026-03-16 18:18:52, EXEC, v:1, k:fup@resto, mode:FULL, rate:0
2026-03-16 18:19:15, EXEC, v:1, k:fup@resto, mode:FULL, rate:0
2026-03-16 18:19:28, EXEC, v:1, k:fup@resto, mode:FULL, rate:0
2026-03-16 18:19:35, EXEC, v:1, k:fup@resto, mode:FULL, rate:0
2026-03-16 18:19:42, EXEC, v:1, k:fup@resto, mode:FULL, rate:0
2026-03-16 18:19:45, MOVE, v:1, k:fup@resto, mode:BACK
2026-03-16 18:21:45, SELF, v:1, k:fup@resto, self:1, study:20, concept:1, problem:1, debug:1
2026-03-16 18:21:59, SELF, v:1, k:fup@resto, self:1, study:20, concept:1, problem:1, debug:1
2026-03-16 18:22:01, MOVE, v:1, k:fup@resto, mode:PICK
2026-03-16 18:22:02, EXEC, v:1, k:fup@resto, mode:FULL, rate:0
2026-03-16 18:22:51, EXEC, v:1, k:fup@resto, mode:FULL, rate:93, size:16
2026-03-16 18:23:53, EXEC, v:1, k:fup@resto, mode:FULL, rate:100
2026-03-16 18:23:59, MOVE, v:1, k:fup@resto, mode:BACK
2026-03-16 18:24:18, SELF, v:1, k:fup@resto, self:1, rate:100, study:24, concept:1, problem:1, debug:1
2026-03-16 18:24:51, MOVE, v:1, k:fup@resto, mode:PICK
2026-03-16 18:24:53, EXEC, v:1, k:fup@resto, mode:FULL, rate:100
