2026-04-06 16:18:26, MOVE, v:1, k:fup@guarda, mode:DOWN
2026-04-06 16:18:27, MOVE, v:1, k:fup@guarda, mode:PICK
2026-04-06 16:18:29, EXEC, v:1, k:fup@guarda, mode:FULL, rate:0, size:5
2026-04-06 16:19:05, EXEC, v:1, k:fup@guarda, mode:FULL, rate:42, size:5
2026-04-06 16:35:17, MOVE, v:1, k:fup@guarda, mode:BACK
2026-04-06 16:35:20, MOVE, v:1, k:fup@calc, mode:PICK
2026-04-06 16:35:21, EXEC, v:1, k:fup@calc, mode:FULL, rate:100
2026-04-06 16:37:15, MOVE, v:1, k:fup@calc, mode:BACK
2026-04-06 16:37:21, MOVE, v:1, k:fup@guarda, mode:PICK
2026-04-06 16:37:23, EXEC, v:1, k:fup@guarda, mode:FULL, size:20, fail:COMP
2026-04-06 16:42:41, EXEC, v:1, k:fup@guarda, mode:FULL, size:23, fail:COMP
2026-04-06 16:46:49, EXEC, v:1, k:fup@guarda, mode:FULL, size:25, fail:COMP
2026-04-06 16:47:53, EXEC, v:1, k:fup@guarda, mode:FULL, size:25, fail:COMP
2026-04-06 16:48:13, EXEC, v:1, k:fup@guarda, mode:FULL, size:26, fail:COMP
2026-04-06 16:58:31, EXEC, v:1, k:fup@guarda, mode:FULL, size:20, fail:COMP
2026-04-06 16:59:16, EXEC, v:1, k:fup@guarda, mode:FULL, fail:COMP
2026-04-06 16:59:16, EXEC, v:1, k:fup@guarda, mode:FULL, fail:COMP
2026-04-06 16:59:16, EXEC, v:1, k:fup@guarda, mode:FULL, fail:COMP
2026-04-06 16:59:16, EXEC, v:1, k:fup@guarda, mode:FULL, fail:COMP
2026-04-06 16:59:16, EXEC, v:1, k:fup@guarda, mode:FULL, fail:COMP
2026-04-06 16:59:16, EXEC, v:1, k:fup@guarda, mode:FULL, fail:COMP
2026-04-06 16:59:17, EXEC, v:1, k:fup@guarda, mode:FULL, fail:COMP
2026-04-06 16:59:17, EXEC, v:1, k:fup@guarda, mode:FULL, fail:COMP
2026-04-06 16:59:17, EXEC, v:1, k:fup@guarda, mode:FULL, fail:COMP
2026-04-06 16:59:17, EXEC, v:1, k:fup@guarda, mode:FULL, fail:COMP
2026-04-06 16:59:17, EXEC, v:1, k:fup@guarda, mode:FULL, fail:COMP
2026-04-06 16:59:17, EXEC, v:1, k:fup@guarda, mode:FULL, fail:COMP
2026-04-06 16:59:18, EXEC, v:1, k:fup@guarda, mode:FULL, fail:COMP
2026-04-06 16:59:18, EXEC, v:1, k:fup@guarda, mode:FULL, fail:COMP
2026-04-06 17:00:33, EXEC, v:1, k:fup@guarda, mode:FULL, size:20, fail:COMP
2026-04-06 17:01:01, EXEC, v:1, k:fup@guarda, mode:FULL, size:20, fail:COMP
2026-04-06 17:03:10, EXEC, v:1, k:fup@guarda, mode:FULL, size:22, fail:COMP
2026-04-06 17:03:26, EXEC, v:1, k:fup@guarda, mode:FULL, size:20, fail:COMP
2026-04-06 17:03:52, MOVE, v:1, k:fup@guarda, mode:BACK
2026-04-06 17:05:02, MOVE, v:1, k:fup@tv, mode:DOWN
2026-04-06 17:05:03, MOVE, v:1, k:fup@tv, mode:PICK
2026-04-06 17:05:05, EXEC, v:1, k:fup@tv, mode:FULL, rate:0, size:5
2026-04-06 17:09:05, MOVE, v:1, k:fup@tv, mode:BACK
2026-04-06 17:30:47, MOVE, v:1, k:fup@guarda, mode:PICK
2026-04-06 17:30:48, EXEC, v:1, k:fup@guarda, mode:FULL, fail:COMP
2026-04-06 17:31:32, EXEC, v:1, k:fup@guarda, mode:FULL, rate:85, size:21
2026-04-06 17:33:36, EXEC, v:1, k:fup@guarda, mode:FULL, rate:100, size:21
2026-04-06 17:33:50, MOVE, v:1, k:fup@guarda, mode:BACK
2026-04-06 17:34:27, SELF, v:1, k:fup@guarda, self:1, rate:100, study:32, concept:1, refactor:1
2026-04-06 17:34:49, SELF, v:1, k:fup@calc, self:1, rate:100, study:45, concept:1, code:1, refactor:1
2026-04-06 17:36:01, MOVE, v:1, k:fup@quantos, mode:DOWN
2026-04-06 17:36:04, MOVE, v:1, k:fup@quantos, mode:PICK
2026-04-06 17:36:06, EXEC, v:1, k:fup@quantos, mode:FULL, rate:0, size:5
2026-04-06 17:41:44, EXEC, v:1, k:fup@quantos, mode:FULL, rate:25, size:14
2026-04-06 17:41:57, EXEC, v:1, k:fup@quantos, mode:FULL, rate:25
2026-04-06 17:43:41, EXEC, v:1, k:fup@quantos, mode:FULL, size:20, fail:COMP
2026-04-06 17:44:06, EXEC, v:1, k:fup@quantos, mode:FULL, rate:75, size:18
2026-04-06 17:47:58, EXEC, v:1, k:fup@quantos, mode:FULL, rate:62, size:22
2026-04-06 17:49:38, EXEC, v:1, k:fup@quantos, mode:FULL, rate:62
2026-04-06 17:50:56, EXEC, v:1, k:fup@quantos, mode:FULL, rate:62, size:20
2026-04-06 17:51:44, EXEC, v:1, k:fup@quantos, mode:FULL, rate:62, size:20
2026-04-06 17:52:00, EXEC, v:1, k:fup@quantos, mode:FULL, rate:75, size:20
2026-04-06 17:52:07, EXEC, v:1, k:fup@quantos, mode:FULL, size:20, fail:COMP
2026-04-06 17:52:28, EXEC, v:1, k:fup@quantos, mode:FULL, size:20, fail:COMP
2026-04-06 17:52:29, EXEC, v:1, k:fup@quantos, mode:FULL, fail:COMP
2026-04-06 17:52:47, EXEC, v:1, k:fup@quantos, mode:FULL, size:20, fail:COMP
2026-04-06 17:53:16, EXEC, v:1, k:fup@quantos, mode:FULL, size:20, fail:COMP
2026-04-06 17:53:32, EXEC, v:1, k:fup@quantos, mode:FULL, size:20, fail:COMP
2026-04-06 17:54:02, EXEC, v:1, k:fup@quantos, mode:FULL, rate:62, size:20
2026-04-06 17:54:42, EXEC, v:1, k:fup@quantos, mode:FULL, rate:62
2026-04-06 17:55:16, EXEC, v:1, k:fup@quantos, mode:FREE
2026-04-06 17:56:47, EXEC, v:1, k:fup@quantos, mode:FULL, size:20, fail:COMP
2026-04-06 17:56:49, EXEC, v:1, k:fup@quantos, mode:FREE
2026-04-06 18:01:05, EXEC, v:1, k:fup@quantos, mode:FULL, rate:75, size:20
2026-04-06 18:01:39, EXEC, v:1, k:fup@quantos, mode:FULL, rate:75, size:20
2026-04-06 18:02:24, EXEC, v:1, k:fup@quantos, mode:FULL, rate:75
2026-04-06 18:03:21, EXEC, v:1, k:fup@quantos, mode:FULL, rate:75
2026-04-06 18:03:24, EXEC, v:1, k:fup@quantos, mode:FULL, rate:75
2026-04-06 18:03:24, EXEC, v:1, k:fup@quantos, mode:FULL, rate:75
2026-04-06 18:03:25, EXEC, v:1, k:fup@quantos, mode:FULL, rate:75
2026-04-06 18:03:26, EXEC, v:1, k:fup@quantos, mode:FULL, rate:75
2026-04-06 18:03:26, EXEC, v:1, k:fup@quantos, mode:FULL, rate:75
2026-04-06 18:03:26, EXEC, v:1, k:fup@quantos, mode:FULL, rate:75
2026-04-06 18:03:27, EXEC, v:1, k:fup@quantos, mode:FULL, rate:75
2026-04-06 18:03:27, EXEC, v:1, k:fup@quantos, mode:FULL, rate:75
2026-04-06 18:03:27, EXEC, v:1, k:fup@quantos, mode:FULL, rate:75
2026-04-06 18:03:28, EXEC, v:1, k:fup@quantos, mode:FULL, rate:75
2026-04-06 18:05:32, EXEC, v:1, k:fup@quantos, mode:FULL, size:17, fail:COMP
2026-04-06 18:06:24, EXEC, v:1, k:fup@quantos, mode:FULL, rate:100, size:16
2026-04-06 18:06:29, MOVE, v:1, k:fup@quantos, mode:BACK
2026-04-06 18:06:57, SELF, v:1, k:fup@quantos, self:1, rate:100, study:27, concept:1, problem:1, refactor:1
2026-04-06 18:08:50, MOVE, v:1, k:fup@impar, mode:DOWN
2026-04-06 18:08:51, MOVE, v:1, k:fup@impar, mode:PICK
2026-04-06 18:08:52, EXEC, v:1, k:fup@impar, mode:FULL, rate:0, size:5
2026-04-06 18:20:43, EXEC, v:1, k:fup@impar, mode:FULL, size:16, fail:COMP
2026-04-06 18:21:04, EXEC, v:1, k:fup@impar, mode:FULL, size:16, fail:COMP
2026-04-06 18:22:47, EXEC, v:1, k:fup@impar, mode:FULL, rate:0, size:16
2026-04-06 18:24:54, EXEC, v:1, k:fup@impar, mode:FULL, size:18, fail:COMP
2026-04-06 18:28:17, EXEC, v:1, k:fup@impar, mode:FULL, size:18, fail:COMP
