2026-03-23 16:17:07, MOVE, v:1, k:fup@segundos, mode:DOWN
2026-03-23 16:17:11, MOVE, v:1, k:fup@segundos, mode:PICK
2026-03-23 16:17:18, EXEC, v:1, k:fup@segundos, mode:FULL, rate:0, size:5
2026-03-23 16:25:49, EXEC, v:1, k:fup@segundos, mode:FULL, rate:0, size:16
2026-03-23 16:25:54, EXEC, v:1, k:fup@segundos, mode:FULL, rate:0
2026-03-23 16:26:28, EXEC, v:1, k:fup@segundos, mode:FULL, rate:100, size:16
2026-03-23 16:26:51, MOVE, v:1, k:fup@segundos, mode:BACK
2026-03-23 16:28:03, SELF, v:1, k:fup@segundos, self:1, rate:100, study:26, guided:1, problem:1, code:1, refactor:1
2026-03-23 16:42:00, MOVE, v:1, k:fup@sobrou, mode:PICK
2026-03-23 16:42:02, EXEC, v:1, k:fup@sobrou, mode:FULL, rate:100
2026-03-23 16:44:21, MOVE, v:1, k:fup@sobrou, mode:BACK
2026-03-23 16:58:23, MOVE, v:1, k:sandbox@user_001, mode:PICK
2026-03-23 16:58:24, EXEC, v:1, k:sandbox@user_001, mode:LOCK, rate:0
2026-03-23 17:03:48, EXEC, v:1, k:sandbox@user_001, mode:LOCK, rate:0, size:30
2026-03-23 17:06:53, EXEC, v:1, k:sandbox@user_001, mode:LOCK, rate:0, size:42
2026-03-23 17:10:13, EXEC, v:1, k:sandbox@user_001, mode:LOCK, rate:0, size:41
2026-03-23 17:10:29, EXEC, v:1, k:sandbox@user_001, mode:LOCK, rate:0, size:41
2026-03-23 17:10:52, EXEC, v:1, k:sandbox@user_001, mode:LOCK, rate:0, size:39
2026-03-23 17:11:09, EXEC, v:1, k:sandbox@user_001, mode:LOCK, rate:0, size:39
2026-03-23 17:11:20, EXEC, v:1, k:sandbox@user_001, mode:LOCK, rate:0, size:39
2026-03-23 17:11:32, EXEC, v:1, k:sandbox@user_001, mode:LOCK, rate:0, size:39
2026-03-23 17:12:21, EXEC, v:1, k:sandbox@user_001, mode:LOCK, rate:0, size:37
2026-03-23 17:13:01, EXEC, v:1, k:sandbox@user_001, mode:LOCK, rate:0, size:39
2026-03-23 17:13:13, EXEC, v:1, k:sandbox@user_001, mode:LOCK, rate:0, size:39
2026-03-23 17:13:55, EXEC, v:1, k:sandbox@user_001, mode:LOCK, rate:0, size:37
2026-03-23 17:14:26, EXEC, v:1, k:sandbox@user_001, mode:LOCK, rate:0, size:37
2026-03-23 17:14:48, EXEC, v:1, k:sandbox@user_001, mode:LOCK, rate:0, size:36
2026-03-23 17:15:18, EXEC, v:1, k:sandbox@user_001, mode:LOCK, rate:0, size:36
2026-03-23 17:15:31, EXEC, v:1, k:sandbox@user_001, mode:LOCK, rate:0, size:36
2026-03-23 17:16:00, EXEC, v:1, k:sandbox@user_001, mode:LOCK, rate:0, size:36
2026-03-23 17:16:17, EXEC, v:1, k:sandbox@user_001, mode:LOCK, rate:0, size:36
2026-03-23 17:16:34, MOVE, v:1, k:sandbox@user_001, mode:BACK
2026-03-23 17:16:44, MOVE, v:1, k:fup@celsius, mode:DOWN
2026-03-23 17:16:48, MOVE, v:1, k:fup@celsius, mode:PICK
2026-03-23 17:16:50, EXEC, v:1, k:fup@celsius, mode:FULL, rate:0, size:5
2026-03-23 17:24:15, EXEC, v:1, k:fup@celsius, mode:FULL, rate:0, size:7
2026-03-23 17:28:49, EXEC, v:1, k:fup@celsius, mode:FULL, rate:0, size:11
2026-03-23 17:29:01, EXEC, v:1, k:fup@celsius, mode:FULL, rate:0, size:11
2026-03-23 17:29:17, EXEC, v:1, k:fup@celsius, mode:FULL, rate:0, size:11
2026-03-23 17:30:46, EXEC, v:1, k:fup@celsius, mode:FULL, rate:0, size:11
2026-03-23 17:31:05, EXEC, v:1, k:fup@celsius, mode:FULL, rate:14, size:11
2026-03-23 17:31:14, EXEC, v:1, k:fup@celsius, mode:FULL, rate:100, size:11
2026-03-23 17:31:33, MOVE, v:1, k:fup@celsius, mode:BACK
2026-03-23 17:31:59, SELF, v:1, k:fup@celsius, self:1, rate:100, concept:1, problem:1, refactor:1
2026-03-23 17:32:11, MOVE, v:1, k:fup@pintando, mode:DOWN
2026-03-23 17:32:13, MOVE, v:1, k:fup@pintando, mode:PICK
2026-03-23 17:32:15, EXEC, v:1, k:fup@pintando, mode:FULL, rate:0, size:5
2026-03-23 17:38:54, EXEC, v:1, k:fup@pintando, mode:FULL, rate:0, size:9
2026-03-23 17:42:30, EXEC, v:1, k:fup@pintando, mode:FULL, size:10, fail:COMP
2026-03-23 17:46:01, EXEC, v:1, k:fup@pintando, mode:FULL, rate:0, size:12
2026-03-23 17:50:43, EXEC, v:1, k:fup@pintando, mode:FULL, rate:100, size:12
2026-03-23 17:51:06, MOVE, v:1, k:fup@pintando, mode:BACK
2026-03-23 17:51:58, SELF, v:1, k:fup@pintando, self:1, rate:100, study:23, concept:1
2026-03-23 17:52:06, SELF, v:1, k:fup@pintando, self:1, rate:100, study:23, concept:1
2026-03-23 17:52:06, MOVE, v:1, k:fup@pintando, mode:PICK
2026-03-23 17:52:08, EXEC, v:1, k:fup@pintando, mode:FULL, rate:100
2026-03-23 17:52:10, MOVE, v:1, k:fup@pintando, mode:BACK
2026-03-23 17:52:11, MOVE, v:1, k:fup@celsius, mode:PICK
2026-03-23 17:52:13, MOVE, v:1, k:fup@celsius, mode:BACK
2026-03-23 17:52:34, SELF, v:1, k:fup@celsius, self:1, rate:100, study:24, concept:1, problem:1, refactor:1
