2026-04-07 16:33:02, MOVE, v:1, k:fup@impar, mode:PICK
2026-04-07 16:33:09, EXEC, v:1, k:fup@impar, mode:FULL, rate:14, size:20
2026-04-07 16:33:09, EXEC, v:1, k:fup@impar, mode:FULL, rate:14, size:20
2026-04-07 16:35:06, EXEC, v:1, k:fup@impar, mode:FULL, rate:14, size:20
2026-04-07 16:35:06, MOVE, v:1, k:fup@impar, mode:EDIT
2026-04-07 16:37:32, MOVE, v:1, k:fup@impar, mode:EDIT
2026-04-07 16:39:15, EXEC, v:1, k:fup@impar, mode:FULL, size:25, fail:COMP
2026-04-07 16:40:11, EXEC, v:1, k:fup@impar, mode:FULL, size:25, fail:COMP
2026-04-07 16:40:13, EXEC, v:1, k:fup@impar, mode:FULL, fail:COMP
2026-04-07 16:40:14, EXEC, v:1, k:fup@impar, mode:FULL, fail:COMP
2026-04-07 16:40:16, MOVE, v:1, k:fup@impar, mode:BACK
2026-04-07 16:40:23, MOVE, v:1, k:fup@round, mode:DOWN
2026-04-07 16:40:25, MOVE, v:1, k:fup@round, mode:PICK
2026-04-07 16:40:34, EXEC, v:1, k:fup@round, mode:FULL, rate:0, size:5
2026-04-07 16:40:10, MOVE, v:1, k:fup@impar, mode:EDIT
2026-04-07 16:40:23, MOVE, v:1, k:fup@round, mode:EDIT
2026-04-07 16:40:23, MOVE, v:1, k:fup@round, mode:EDIT
2026-04-07 16:40:34, MOVE, v:1, k:fup@round, mode:EDIT
2026-04-07 16:46:23, MOVE, v:1, k:fup@round, mode:EDIT
2026-04-07 16:52:46, MOVE, v:1, k:fup@round, mode:EDIT
2026-04-07 16:54:27, EXEC, v:1, k:fup@round, mode:FULL, size:19, fail:COMP
2026-04-07 16:55:12, EXEC, v:1, k:fup@round, mode:FULL, size:21, fail:COMP
2026-04-07 16:55:40, EXEC, v:1, k:fup@round, mode:FULL, rate:100, size:21
2026-04-07 16:55:52, EXEC, v:1, k:fup@round, mode:FULL, rate:100
2026-04-07 16:55:53, EXEC, v:1, k:fup@round, mode:FULL, rate:100
2026-04-07 16:55:54, EXEC, v:1, k:fup@round, mode:FULL, rate:100
2026-04-07 16:55:55, EXEC, v:1, k:fup@round, mode:FULL, rate:100
2026-04-07 16:56:08, MOVE, v:1, k:fup@round, mode:BACK
2026-04-07 16:56:11, MOVE, v:1, k:fup@round, mode:PICK
2026-04-07 16:56:13, EXEC, v:1, k:fup@round, mode:FULL, rate:100
2026-04-07 16:56:20, EXEC, v:1, k:fup@round, mode:FREE
2026-04-07 16:57:16, MOVE, v:1, k:fup@round, mode:BACK
2026-04-07 16:55:39, MOVE, v:1, k:fup@round, mode:EDIT
2026-04-07 16:56:57, MOVE, v:1, k:fup@round, mode:EDIT
2026-04-07 16:57:50, SELF, v:1, k:fup@round, self:1, rate:100, study:27, concept:1, refactor:1
2026-04-07 16:58:04, MOVE, v:1, k:fup@mumia, mode:DOWN
2026-04-07 16:58:06, MOVE, v:1, k:fup@mumia, mode:PICK
2026-04-07 16:58:08, EXEC, v:1, k:fup@mumia, mode:FULL, rate:0, size:5
2026-04-07 17:02:05, EXEC, v:1, k:fup@mumia, mode:FULL, size:11, fail:COMP
2026-04-07 16:58:04, MOVE, v:1, k:fup@mumia, mode:EDIT
2026-04-07 16:58:04, MOVE, v:1, k:fup@mumia, mode:EDIT
2026-04-07 17:02:43, MOVE, v:1, k:fup@mumia, mode:EDIT
2026-04-07 16:58:07, MOVE, v:1, k:fup@mumia, mode:EDIT
2026-04-07 17:02:54, EXEC, v:1, k:fup@mumia, mode:FULL, rate:0, size:11
2026-04-07 17:03:35, EXEC, v:1, k:fup@mumia, mode:FULL, rate:0, size:11
2026-04-07 17:04:21, EXEC, v:1, k:fup@mumia, mode:FULL, size:11, fail:COMP
2026-04-07 17:05:12, EXEC, v:1, k:fup@mumia, mode:FULL, size:13, fail:COMP
2026-04-07 17:05:23, EXEC, v:1, k:fup@mumia, mode:FULL, rate:0, size:13
2026-04-07 17:06:14, EXEC, v:1, k:fup@mumia, mode:FULL, size:13, fail:COMP
2026-04-07 17:06:44, EXEC, v:1, k:fup@mumia, mode:FULL, size:13, fail:COMP
2026-04-07 17:07:39, MOVE, v:1, k:fup@mumia, mode:EDIT
2026-04-07 17:05:23, MOVE, v:1, k:fup@mumia, mode:EDIT
2026-04-07 17:09:51, EXEC, v:1, k:fup@mumia, mode:FULL, rate:0, size:13
2026-04-07 17:10:43, EXEC, v:1, k:fup@mumia, mode:FULL, rate:11, size:14
2026-04-07 17:10:50, EXEC, v:1, k:fup@mumia, mode:FULL, rate:33, size:14
2026-04-07 17:12:22, EXEC, v:1, k:fup@mumia, mode:FULL, rate:55, size:18
2026-04-07 17:12:44, MOVE, v:1, k:fup@mumia, mode:EDIT
2026-04-07 17:12:22, MOVE, v:1, k:fup@mumia, mode:EDIT
2026-04-07 17:13:40, EXEC, v:1, k:fup@mumia, mode:FULL, rate:55, size:20
2026-04-07 17:13:56, EXEC, v:1, k:fup@mumia, mode:FULL, rate:88, size:20
2026-04-07 17:14:05, EXEC, v:1, k:fup@mumia, mode:FULL, rate:100, size:20
2026-04-07 17:14:11, MOVE, v:1, k:fup@mumia, mode:BACK
2026-04-07 17:14:46, SELF, v:1, k:fup@mumia, self:1, rate:100, study:2, concept:1
2026-04-07 17:14:57, MOVE, v:1, k:fup@meio, mode:DOWN
2026-04-07 17:14:58, MOVE, v:1, k:fup@meio, mode:PICK
2026-04-07 17:15:00, EXEC, v:1, k:fup@meio, mode:FULL, rate:0, size:5
2026-04-07 17:14:04, MOVE, v:1, k:fup@mumia, mode:EDIT
2026-04-07 17:14:05, MOVE, v:1, k:fup@mumia, mode:EDIT
2026-04-07 17:14:57, MOVE, v:1, k:fup@meio, mode:EDIT
2026-04-07 17:14:57, MOVE, v:1, k:fup@meio, mode:EDIT
2026-04-07 17:15:00, MOVE, v:1, k:fup@meio, mode:EDIT
2026-04-07 17:22:46, MOVE, v:1, k:fup@meio, mode:EDIT
2026-04-07 17:23:24, EXEC, v:1, k:fup@meio, mode:FULL, rate:10, size:14
2026-04-07 17:24:02, EXEC, v:1, k:fup@meio, mode:FULL, rate:10, size:14
2026-04-07 17:24:16, EXEC, v:1, k:fup@meio, mode:FULL, rate:10, size:14
2026-04-07 17:24:29, EXEC, v:1, k:fup@meio, mode:FULL, rate:10, size:14
2026-04-07 17:26:09, EXEC, v:1, k:fup@meio, mode:FULL, rate:10, size:14
2026-04-07 17:27:44, MOVE, v:1, k:fup@meio, mode:EDIT
2026-04-07 17:26:09, MOVE, v:1, k:fup@meio, mode:EDIT
2026-04-07 17:28:32, EXEC, v:1, k:fup@meio, mode:FULL, rate:10, size:20
2026-04-07 17:28:56, EXEC, v:1, k:fup@meio, mode:FULL, rate:10, size:14
2026-04-07 17:29:49, MOVE, v:1, k:fup@meio, mode:BACK
2026-04-07 17:29:56, MOVE, v:1, k:fup@round, mode:PICK
2026-04-07 17:29:57, EXEC, v:1, k:fup@round, mode:FULL, rate:100
2026-04-07 17:31:47, MOVE, v:1, k:fup@round, mode:BACK
2026-04-07 17:32:00, MOVE, v:1, k:fup@meio, mode:PICK
2026-04-07 17:32:02, EXEC, v:1, k:fup@meio, mode:FULL, rate:10
2026-04-07 17:36:34, EXEC, v:1, k:fup@meio, mode:FULL, rate:0, size:14
2026-04-07 17:36:34, MOVE, v:1, k:fup@meio, mode:EDIT
2026-04-07 17:36:45, MOVE, v:1, k:fup@meio, mode:EDIT
2026-04-07 17:39:07, EXEC, v:1, k:fup@meio, mode:FULL, rate:100, size:14
2026-04-07 17:39:49, MOVE, v:1, k:fup@meio, mode:BACK
2026-04-07 17:40:54, SELF, v:1, k:fup@meio, self:1, rate:100, study:22, refactor:1
2026-04-07 17:41:12, MOVE, v:1, k:fup@jokenpo, mode:DOWN
2026-04-07 17:41:13, MOVE, v:1, k:fup@jokenpo, mode:PICK
2026-04-07 17:41:14, EXEC, v:1, k:fup@jokenpo, mode:FULL, rate:0, size:5
2026-04-07 17:39:05, MOVE, v:1, k:fup@meio, mode:EDIT
2026-04-07 17:39:06, MOVE, v:1, k:fup@meio, mode:EDIT
2026-04-07 17:41:12, MOVE, v:1, k:fup@jokenpo, mode:EDIT
2026-04-07 17:41:12, MOVE, v:1, k:fup@jokenpo, mode:EDIT
2026-04-07 17:41:14, MOVE, v:1, k:fup@jokenpo, mode:EDIT
2026-04-07 17:44:59, MOVE, v:1, k:fup@jokenpo, mode:EDIT
2026-04-07 17:56:55, MOVE, v:1, k:fup@jokenpo, mode:EDIT
2026-04-07 18:01:17, EXEC, v:1, k:fup@jokenpo, mode:FULL, size:16, fail:COMP
2026-04-07 18:01:56, MOVE, v:1, k:fup@jokenpo, mode:EDIT
2026-04-07 18:02:54, EXEC, v:1, k:fup@jokenpo, mode:FULL, size:16, fail:COMP
2026-04-07 18:03:10, EXEC, v:1, k:fup@jokenpo, mode:FULL, size:14, fail:COMP
2026-04-07 18:03:37, EXEC, v:1, k:fup@jokenpo, mode:FULL, size:16, fail:COMP
2026-04-07 18:04:58, EXEC, v:1, k:fup@jokenpo, mode:FULL, size:14, fail:COMP
2026-04-07 18:06:14, EXEC, v:1, k:fup@jokenpo, mode:FULL, size:14, fail:COMP
2026-04-07 18:06:10, MOVE, v:1, k:fup@jokenpo, mode:EDIT
2026-04-07 18:07:26, EXEC, v:1, k:fup@jokenpo, mode:FULL, size:16, fail:COMP
2026-04-07 18:08:15, EXEC, v:1, k:fup@jokenpo, mode:FULL, size:15, fail:COMP
2026-04-07 18:10:27, EXEC, v:1, k:fup@jokenpo, mode:FULL, rate:37, size:15
2026-04-07 18:10:42, EXEC, v:1, k:fup@jokenpo, mode:FULL, rate:100, size:15
2026-04-07 18:10:41, MOVE, v:1, k:fup@jokenpo, mode:EDIT
2026-04-07 18:10:42, MOVE, v:1, k:fup@jokenpo, mode:EDIT
2026-04-07 18:13:38, MOVE, v:1, k:fup@jokenpo, mode:BACK
2026-04-07 18:14:20, SELF, v:1, k:fup@jokenpo, self:1, rate:100, concept:1, refactor:1
2026-04-07 18:15:17, MOVE, v:1, k:fup@final, mode:DOWN
2026-04-07 18:15:18, MOVE, v:1, k:fup@final, mode:PICK
2026-04-07 18:15:19, EXEC, v:1, k:fup@final, mode:FULL, rate:0, size:5
2026-04-07 18:15:17, MOVE, v:1, k:fup@final, mode:EDIT
2026-04-07 18:15:17, MOVE, v:1, k:fup@final, mode:EDIT
2026-04-07 18:15:19, MOVE, v:1, k:fup@final, mode:EDIT
2026-04-07 18:15:58, MOVE, v:1, k:fup@final, mode:EDIT
2026-04-07 18:21:12, MOVE, v:1, k:fup@final, mode:EDIT
2026-04-07 18:24:27, EXEC, v:1, k:fup@final, mode:FULL, rate:40, size:14
2026-04-07 18:23:26, MOVE, v:1, k:fup@final, mode:EDIT
2026-04-07 18:24:27, MOVE, v:1, k:fup@final, mode:EDIT
