2026-03-10 17:13:08, MOVE, v:1, k:sandbox@user_000, mode:PICK
2026-03-10 17:13:15, EXEC, v:1, k:sandbox@user_000, mode:FREE, size:5
2026-03-10 17:28:26, EXEC, v:1, k:sandbox@user_000, mode:FULL, rate:0, size:9
2026-03-10 17:31:49, EXEC, v:1, k:sandbox@user_000, mode:FULL, rate:0, size:11
2026-03-10 17:32:07, EXEC, v:1, k:sandbox@user_000, mode:FULL, rate:0, size:9
2026-03-10 17:32:40, EXEC, v:1, k:sandbox@user_000, mode:FULL, rate:0
2026-03-10 17:32:48, EXEC, v:1, k:sandbox@user_000, mode:FULL, rate:0
2026-03-10 17:33:50, EXEC, v:1, k:sandbox@user_000, mode:FULL, rate:0, size:10
2026-03-10 17:34:16, EXEC, v:1, k:sandbox@user_000, mode:FULL, rate:0, size:9
2026-03-10 17:34:30, EXEC, v:1, k:sandbox@user_000, mode:FULL, rate:0, size:9
2026-03-10 17:40:09, EXEC, v:1, k:sandbox@user_000, mode:FULL, size:10, fail:COMP
2026-03-10 17:41:10, EXEC, v:1, k:sandbox@user_000, mode:FULL, size:10, fail:COMP
2026-03-10 17:42:56, EXEC, v:1, k:sandbox@user_000, mode:FULL, size:10, fail:COMP
2026-03-10 17:43:46, EXEC, v:1, k:sandbox@user_000, mode:FULL, rate:0, size:10
2026-03-10 17:45:44, EXEC, v:1, k:sandbox@user_000, mode:FULL, size:12, fail:COMP
2026-03-10 17:46:41, EXEC, v:1, k:sandbox@user_000, mode:FULL, rate:0, size:12
2026-03-10 17:49:57, EXEC, v:1, k:sandbox@user_000, mode:FULL, rate:0, size:14
2026-03-10 17:51:22, EXEC, v:1, k:sandbox@user_000, mode:FULL, rate:0, size:14
2026-03-10 17:52:04, EXEC, v:1, k:sandbox@user_000, mode:FULL, rate:0, size:12
2026-03-10 17:52:16, EXEC, v:1, k:sandbox@user_000, mode:FREE
2026-03-10 17:55:48, EXEC, v:1, k:sandbox@user_000, mode:FULL, rate:0, size:11
2026-03-10 17:56:06, EXEC, v:1, k:sandbox@user_000, mode:FULL, rate:0, size:11
2026-03-10 17:56:46, EXEC, v:1, k:sandbox@user_000, mode:FULL, size:12, fail:COMP
2026-03-10 17:57:25, EXEC, v:1, k:sandbox@user_000, mode:FULL, size:11, fail:COMP
2026-03-10 17:57:52, EXEC, v:1, k:sandbox@user_000, mode:FULL, rate:0, size:11
2026-03-10 17:58:22, EXEC, v:1, k:sandbox@user_000, mode:FULL, rate:0, size:11
2026-03-10 17:58:32, MOVE, v:1, k:sandbox@user_000, mode:BACK
2026-03-10 18:04:10, MOVE, v:1, k:fup@tres, mode:DOWN
2026-03-10 18:04:12, MOVE, v:1, k:fup@tres, mode:PICK
2026-03-10 18:04:38, EXEC, v:1, k:fup@tres, mode:FULL, rate:0, size:5
2026-03-10 18:11:53, EXEC, v:1, k:fup@tres, mode:FULL, size:7, fail:COMP
2026-03-10 18:12:27, EXEC, v:1, k:fup@tres, mode:FULL, fail:COMP
2026-03-10 18:12:37, EXEC, v:1, k:fup@tres, mode:FULL, size:7, fail:COMP
2026-03-10 18:12:48, EXEC, v:1, k:fup@tres, mode:FULL, size:7, fail:COMP
2026-03-10 18:12:48, EXEC, v:1, k:fup@tres, mode:FULL, size:7, fail:COMP
2026-03-10 18:12:49, EXEC, v:1, k:fup@tres, mode:FULL, size:7, fail:COMP
2026-03-10 18:13:47, EXEC, v:1, k:fup@tres, mode:FULL, size:7, fail:COMP
2026-03-10 18:14:02, EXEC, v:1, k:fup@tres, mode:FULL, size:7, fail:COMP
2026-03-10 18:14:43, EXEC, v:1, k:fup@tres, mode:FULL, rate:100, size:7
2026-03-10 18:14:51, EXEC, v:1, k:fup@tres, mode:FULL, rate:100
2026-03-10 18:14:52, EXEC, v:1, k:fup@tres, mode:FULL, rate:100
2026-03-10 18:14:56, EXEC, v:1, k:fup@tres, mode:FULL, rate:100
2026-03-10 18:15:05, EXEC, v:1, k:fup@tres, mode:FULL, rate:100
2026-03-10 18:16:35, EXEC, v:1, k:fup@tres, mode:FULL, rate:100, size:9
2026-03-10 18:16:40, MOVE, v:1, k:fup@tres, mode:BACK
2026-03-10 18:16:40, MOVE, v:1, k:fup@tres, mode:PICK
2026-03-10 18:16:43, MOVE, v:1, k:fup@tres, mode:BACK
2026-03-10 18:16:43, MOVE, v:1, k:fup@tres, mode:PICK
2026-03-10 18:16:45, EXEC, v:1, k:fup@tres, mode:FULL, rate:100
2026-03-10 18:16:45, MOVE, v:1, k:fup@tres, mode:BACK
2026-03-10 18:16:45, MOVE, v:1, k:fup@tres, mode:PICK
2026-03-10 18:16:47, MOVE, v:1, k:fup@tres, mode:BACK
2026-03-10 18:18:06, MOVE, v:1, k:fup@resto, mode:DOWN
2026-03-10 18:18:10, MOVE, v:1, k:fup@resto, mode:PICK
2026-03-10 18:18:12, EXEC, v:1, k:fup@resto, mode:FULL, rate:0, size:5
2026-03-10 18:25:56, MOVE, v:1, k:fup@resto, mode:BACK
2026-03-10 18:25:56, MOVE, v:1, k:fup@resto, mode:PICK
2026-03-10 18:25:58, MOVE, v:1, k:fup@resto, mode:BACK
2026-03-10 18:28:12, SELF, v:1, k:fup@tres, self:1, rate:100, study:20, friend:david senna, guided:1
