2026-03-17 16:24:02, MOVE, v:1, k:fup@resto, mode:PICK
2026-03-17 16:24:05, EXEC, v:1, k:fup@resto, mode:FULL, rate:100
2026-03-17 16:24:24, MOVE, v:1, k:fup@resto, mode:BACK
2026-03-17 16:24:46, MOVE, v:1, k:fup@media, mode:DOWN
2026-03-17 16:24:51, MOVE, v:1, k:fup@media, mode:PICK
2026-03-17 16:24:53, EXEC, v:1, k:fup@media, mode:FULL, rate:0, size:5
2026-03-17 16:39:18, EXEC, v:1, k:fup@media, mode:FULL, size:12, fail:COMP
2026-03-17 16:39:27, EXEC, v:1, k:fup@media, mode:FULL, size:12, fail:COMP
2026-03-17 16:39:34, EXEC, v:1, k:fup@media, mode:FULL, size:12, fail:COMP
2026-03-17 16:39:36, EXEC, v:1, k:fup@media, mode:FULL, fail:COMP
2026-03-17 16:39:36, EXEC, v:1, k:fup@media, mode:FULL, fail:COMP
2026-03-17 16:39:36, EXEC, v:1, k:fup@media, mode:FULL, fail:COMP
2026-03-17 16:39:36, EXEC, v:1, k:fup@media, mode:FULL, fail:COMP
2026-03-17 16:39:36, EXEC, v:1, k:fup@media, mode:FULL, fail:COMP
2026-03-17 16:40:48, EXEC, v:1, k:fup@media, mode:FULL, size:12, fail:COMP
2026-03-17 16:41:08, EXEC, v:1, k:fup@media, mode:FULL, size:12, fail:COMP
2026-03-17 16:41:10, EXEC, v:1, k:fup@media, mode:FULL, fail:COMP
2026-03-17 16:41:10, EXEC, v:1, k:fup@media, mode:FULL, fail:COMP
2026-03-17 16:42:02, EXEC, v:1, k:fup@media, mode:FULL, rate:0, size:12
2026-03-17 16:42:37, EXEC, v:1, k:fup@media, mode:FULL, rate:0
2026-03-17 16:43:17, EXEC, v:1, k:fup@media, mode:FULL, rate:0
2026-03-17 16:45:41, EXEC, v:1, k:fup@media, mode:FULL, size:13, fail:COMP
2026-03-17 16:50:01, EXEC, v:1, k:fup@media, mode:FULL, size:13, fail:COMP
2026-03-17 16:50:03, EXEC, v:1, k:fup@media, mode:FULL, fail:COMP
2026-03-17 16:50:03, EXEC, v:1, k:fup@media, mode:FULL, fail:COMP
2026-03-17 16:50:17, EXEC, v:1, k:fup@media, mode:FULL, size:13, fail:COMP
2026-03-17 16:51:46, EXEC, v:1, k:fup@media, mode:FULL, size:12, fail:COMP
2026-03-17 16:55:23, EXEC, v:1, k:fup@media, mode:FULL, rate:100, size:12
2026-03-17 16:55:27, EXEC, v:1, k:fup@media, mode:FULL, rate:100
2026-03-17 16:56:03, MOVE, v:1, k:fup@media, mode:BACK
