2026-03-31 16:54:34, MOVE, v:1, k:fup@max, mode:PICK
2026-03-31 16:54:39, EXEC, v:1, k:fup@max, mode:FULL, fail:COMP
2026-03-31 16:55:43, EXEC, v:1, k:fup@max, mode:FULL, rate:100, size:14
2026-03-31 16:55:50, MOVE, v:1, k:fup@max, mode:BACK
2026-03-31 16:57:09, SELF, v:1, k:fup@max, self:1, rate:100, study:37
2026-03-31 16:57:15, MOVE, v:1, k:fup@ou, mode:DOWN
2026-03-31 16:57:19, MOVE, v:1, k:fup@ou, mode:PICK
2026-03-31 16:57:22, EXEC, v:1, k:fup@ou, mode:FULL, rate:0, size:5
2026-03-31 17:01:34, EXEC, v:1, k:fup@ou, mode:FULL, size:12, fail:COMP
2026-03-31 17:01:41, EXEC, v:1, k:fup@ou, mode:FULL, size:12, fail:COMP
2026-03-31 17:03:02, EXEC, v:1, k:fup@ou, mode:FULL, size:13, fail:COMP
2026-03-31 17:06:41, EXEC, v:1, k:fup@ou, mode:FULL, size:13, fail:COMP
2026-03-31 17:06:56, EXEC, v:1, k:fup@ou, mode:FREE, size:13
2026-03-31 17:10:07, EXEC, v:1, k:fup@ou, mode:FULL, rate:40, size:13
2026-03-31 17:10:18, EXEC, v:1, k:fup@ou, mode:FULL, rate:100, size:13
2026-03-31 17:10:31, MOVE, v:1, k:fup@ou, mode:BACK
2026-03-31 17:11:09, SELF, v:1, k:fup@ou, self:1, rate:100, study:18, concept:1, refactor:1
2026-03-31 17:11:17, MOVE, v:1, k:fup@positivo, mode:DOWN
2026-03-31 17:11:18, MOVE, v:1, k:fup@positivo, mode:PICK
2026-03-31 17:11:19, EXEC, v:1, k:fup@positivo, mode:FULL, rate:0, size:5
2026-03-31 17:17:28, EXEC, v:1, k:fup@positivo, mode:FULL, size:13, fail:COMP
2026-03-31 17:17:38, EXEC, v:1, k:fup@positivo, mode:FULL, size:13, fail:COMP
2026-03-31 17:17:44, EXEC, v:1, k:fup@positivo, mode:FULL, size:13, fail:COMP
2026-03-31 17:17:59, EXEC, v:1, k:fup@positivo, mode:FULL, size:13, fail:COMP
2026-03-31 17:18:03, EXEC, v:1, k:fup@positivo, mode:FULL, fail:COMP
2026-03-31 17:18:10, EXEC, v:1, k:fup@positivo, mode:FULL, size:13, fail:COMP
2026-03-31 17:18:21, EXEC, v:1, k:fup@positivo, mode:FULL, size:13, fail:COMP
2026-03-31 17:18:30, EXEC, v:1, k:fup@positivo, mode:FULL, size:13, fail:COMP
2026-03-31 17:19:47, EXEC, v:1, k:fup@positivo, mode:FULL, size:13, fail:COMP
2026-03-31 17:19:53, EXEC, v:1, k:fup@positivo, mode:FULL, size:13, fail:COMP
2026-03-31 17:20:05, EXEC, v:1, k:fup@positivo, mode:FULL, size:13, fail:COMP
2026-03-31 17:21:25, EXEC, v:1, k:fup@positivo, mode:FULL, rate:80, size:13
2026-03-31 17:21:46, EXEC, v:1, k:fup@positivo, mode:FULL, rate:100, size:13
2026-03-31 17:22:02, MOVE, v:1, k:fup@positivo, mode:BACK
2026-03-31 17:22:36, SELF, v:1, k:fup@positivo, self:1, rate:100, study:7, concept:1
2026-03-31 17:22:52, MOVE, v:1, k:fup@multiplo, mode:DOWN
2026-03-31 17:22:54, MOVE, v:1, k:fup@multiplo, mode:PICK
2026-03-31 17:22:56, EXEC, v:1, k:fup@multiplo, mode:FULL, rate:0, size:5
2026-03-31 17:26:13, EXEC, v:1, k:fup@multiplo, mode:FULL, size:13, fail:COMP
2026-03-31 17:26:27, EXEC, v:1, k:fup@multiplo, mode:FULL, size:13, fail:COMP
2026-03-31 17:26:35, EXEC, v:1, k:fup@multiplo, mode:FULL, size:13, fail:COMP
2026-03-31 17:29:22, EXEC, v:1, k:fup@multiplo, mode:FULL, rate:100, size:13
2026-03-31 17:29:41, MOVE, v:1, k:fup@multiplo, mode:BACK
2026-03-31 17:29:55, SELF, v:1, k:fup@multiplo, self:1, rate:100, study:10
2026-03-31 17:30:17, MOVE, v:1, k:fup@calc, mode:DOWN
2026-03-31 17:30:20, MOVE, v:1, k:fup@calc, mode:PICK
2026-03-31 17:30:22, EXEC, v:1, k:fup@calc, mode:FULL, rate:0, size:5
2026-03-31 17:30:30, EXEC, v:1, k:fup@calc, mode:FULL, rate:0
2026-03-31 17:35:55, EXEC, v:1, k:fup@calc, mode:FULL, rate:0, size:14
2026-03-31 17:37:08, EXEC, v:1, k:fup@calc, mode:FULL, size:14, fail:COMP
2026-03-31 17:37:14, EXEC, v:1, k:fup@calc, mode:FREE
2026-03-31 17:38:19, EXEC, v:1, k:fup@calc, mode:FULL, size:14, fail:COMP
2026-03-31 17:39:28, EXEC, v:1, k:fup@calc, mode:FULL, size:16, fail:COMP
2026-03-31 17:41:00, EXEC, v:1, k:fup@calc, mode:FULL, size:15, fail:COMP
2026-03-31 17:50:12, EXEC, v:1, k:fup@calc, mode:FULL, rate:100, size:24
2026-03-31 17:50:23, EXEC, v:1, k:fup@calc, mode:FREE, size:23
2026-03-31 17:53:51, MOVE, v:1, k:fup@calc, mode:BACK
2026-03-31 17:54:25, SELF, v:1, k:fup@calc, self:1, rate:100, study:45, concept:1, code:1, refactor:1
2026-03-31 17:56:22, MOVE, v:1, k:fup@pr_jokenpo, mode:DOWN
2026-03-31 17:56:24, MOVE, v:1, k:fup@pr_jokenpo, mode:PICK
2026-03-31 17:56:25, EXEC, v:1, k:fup@pr_jokenpo, mode:LOCK, rate:0, size:5
2026-03-31 17:59:38, EXEC, v:1, k:fup@pr_jokenpo, mode:FULL, size:10, fail:COMP
2026-03-31 17:59:39, EXEC, v:1, k:fup@pr_jokenpo, mode:FULL, fail:COMP
2026-03-31 18:15:37, EXEC, v:1, k:fup@pr_jokenpo, mode:FULL, size:29, fail:COMP
2026-03-31 18:24:06, EXEC, v:1, k:fup@pr_jokenpo, mode:FULL, size:34, fail:COMP
2026-03-31 18:27:27, EXEC, v:1, k:fup@pr_jokenpo, mode:FULL, size:34, fail:COMP
