2026-04-14 16:28:39, MOVE, v:1, k:fup@pares, mode:PICK
2026-04-14 16:28:46, EXEC, v:1, k:fup@pares, mode:FULL, rate:14
2026-04-14 16:28:58, EXEC, v:1, k:fup@pares, mode:FULL, rate:14
2026-04-14 16:29:55, EXEC, v:1, k:fup@pares, mode:FULL, size:17, fail:COMP
2026-04-14 16:30:11, EXEC, v:1, k:fup@pares, mode:FULL, rate:14, size:17
2026-04-14 16:30:42, EXEC, v:1, k:fup@pares, mode:FULL, rate:14, size:18
2026-04-14 16:32:52, EXEC, v:1, k:fup@pares, mode:FULL, rate:14, size:19
2026-04-14 16:33:10, EXEC, v:1, k:fup@pares, mode:FULL, rate:14, size:19
2026-04-14 16:33:12, EXEC, v:1, k:fup@pares, mode:FULL, rate:14
2026-04-14 16:33:12, MOVE, v:1, k:fup@pares, mode:EDIT
2026-04-14 16:33:08, MOVE, v:1, k:fup@pares, mode:EDIT
2026-04-14 16:38:16, MOVE, v:1, k:fup@pares, mode:EDIT
2026-04-14 16:40:14, EXEC, v:1, k:fup@pares, mode:FULL, rate:100, size:18
2026-04-14 16:40:21, MOVE, v:1, k:fup@pares, mode:BACK
2026-04-14 16:41:00, SELF, v:1, k:fup@pares, self:1, rate:100, study:19, concept:1, problem:1, refactor:1
2026-04-14 16:42:39, SELF, v:1, k:eval1@bala, self:1, study:8
2026-04-14 16:42:39, MOVE, v:1, k:eval1@bala, mode:PICK
2026-04-14 16:42:41, EXEC, v:1, k:eval1@bala, mode:FULL, rate:100
2026-04-14 16:42:41, EXEC, v:1, k:eval1@bala, mode:FULL, rate:100
2026-04-14 16:42:42, EXEC, v:1, k:eval1@bala, mode:FULL, rate:100
2026-04-14 16:42:42, MOVE, v:1, k:eval1@bala, mode:BACK
2026-04-14 16:40:12, MOVE, v:1, k:fup@pares, mode:EDIT
2026-04-14 16:40:14, MOVE, v:1, k:fup@pares, mode:EDIT
2026-04-14 16:42:42, MOVE, v:1, k:eval1@bala, mode:EDIT
2026-04-14 16:43:20, MOVE, v:1, k:eval1@pares, mode:PICK
2026-04-14 16:43:21, EXEC, v:1, k:eval1@pares, mode:FULL, size:17, fail:COMP
2026-04-14 16:43:46, EXEC, v:1, k:eval1@pares, mode:FULL, rate:100, size:18
2026-04-14 16:43:48, EXEC, v:1, k:eval1@pares, mode:FULL, rate:100
2026-04-14 16:43:49, EXEC, v:1, k:eval1@pares, mode:FULL, rate:100
2026-04-14 16:43:50, EXEC, v:1, k:eval1@pares, mode:FULL, rate:100
2026-04-14 16:43:50, MOVE, v:1, k:eval1@pares, mode:BACK
2026-04-14 16:44:06, MOVE, v:1, k:eval1@pares, mode:PICK
2026-04-14 16:44:07, EXEC, v:1, k:eval1@pares, mode:FULL, rate:100
2026-04-14 16:44:15, EXEC, v:1, k:eval1@pares, mode:FULL, size:18, fail:COMP
2026-04-14 16:46:54, EXEC, v:1, k:eval1@pares, mode:FULL, fail:COMP
2026-04-14 16:46:56, EXEC, v:1, k:eval1@pares, mode:FULL, fail:COMP
2026-04-14 16:47:14, MOVE, v:1, k:eval1@pares, mode:BACK
2026-04-14 16:48:15, MOVE, v:1, k:sandbox@user_001, mode:PICK
2026-04-14 16:48:16, EXEC, v:1, k:sandbox@user_001, mode:LOCK, rate:0, size:5
2026-04-14 16:48:52, EXEC, v:1, k:sandbox@user_001, mode:LOCK, rate:0, size:9
2026-04-14 16:52:06, EXEC, v:1, k:sandbox@user_001, mode:FULL, size:9, fail:COMP
2026-04-14 16:48:05, MOVE, v:1, k:sandbox@user_001, mode:EDIT
2026-04-14 16:48:52, MOVE, v:1, k:sandbox@user_001, mode:EDIT
2026-04-14 16:52:05, MOVE, v:1, k:sandbox@user_001, mode:EDIT
2026-04-14 16:53:50, EXEC, v:1, k:sandbox@user_001, mode:LOCK, rate:0, size:9
2026-04-14 16:54:34, EXEC, v:1, k:sandbox@user_001, mode:LOCK, rate:0, size:11
2026-04-14 16:55:46, EXEC, v:1, k:sandbox@user_001, mode:LOCK, rate:0, size:13
2026-04-14 16:56:04, EXEC, v:1, k:sandbox@user_001, mode:LOCK, rate:0, size:13
2026-04-14 16:56:43, EXEC, v:1, k:sandbox@user_001, mode:LOCK, rate:0, size:13
2026-04-14 16:56:43, MOVE, v:1, k:sandbox@user_001, mode:EDIT
2026-04-14 16:56:43, MOVE, v:1, k:sandbox@user_001, mode:EDIT
2026-04-14 16:58:11, EXEC, v:1, k:sandbox@user_001, mode:LOCK, rate:0, size:13
2026-04-14 16:59:17, EXEC, v:1, k:sandbox@user_001, mode:FULL, size:9, fail:COMP
2026-04-14 16:59:23, EXEC, v:1, k:sandbox@user_001, mode:FULL, fail:COMP
2026-04-14 17:00:16, EXEC, v:1, k:sandbox@user_001, mode:LOCK, rate:0, size:11
2026-04-14 17:00:48, EXEC, v:1, k:sandbox@user_001, mode:LOCK, rate:0, size:11
2026-04-14 17:01:32, EXEC, v:1, k:sandbox@user_001, mode:LOCK, rate:0
2026-04-14 17:01:34, EXEC, v:1, k:sandbox@user_001, mode:FREE
2026-04-14 17:00:46, MOVE, v:1, k:sandbox@user_001, mode:EDIT
2026-04-14 17:02:41, MOVE, v:1, k:sandbox@user_001, mode:EDIT
2026-04-14 17:03:40, MOVE, v:1, k:sandbox@user_001, mode:EDIT
2026-04-14 17:08:20, MOVE, v:1, k:sandbox@user_001, mode:EDIT
2026-04-14 17:15:19, EXEC, v:1, k:sandbox@user_001, mode:LOCK, rate:0, size:17
2026-04-14 17:16:07, EXEC, v:1, k:sandbox@user_001, mode:LOCK, rate:0, size:18
2026-04-14 17:16:48, EXEC, v:1, k:sandbox@user_001, mode:LOCK, rate:0, size:18
2026-04-14 17:16:49, EXEC, v:1, k:sandbox@user_001, mode:LOCK, rate:0
2026-04-14 17:16:55, EXEC, v:1, k:sandbox@user_001, mode:LOCK, rate:0, size:18
2026-04-14 17:17:23, EXEC, v:1, k:sandbox@user_001, mode:LOCK, rate:0, size:18
2026-04-14 17:17:23, MOVE, v:1, k:sandbox@user_001, mode:EDIT
2026-04-14 17:17:23, MOVE, v:1, k:sandbox@user_001, mode:EDIT
2026-04-14 17:18:11, EXEC, v:1, k:sandbox@user_001, mode:LOCK, rate:0, size:17
2026-04-14 17:18:35, EXEC, v:1, k:sandbox@user_001, mode:LOCK, rate:0
2026-04-14 17:18:37, EXEC, v:1, k:sandbox@user_001, mode:LOCK, rate:0
2026-04-14 17:18:38, EXEC, v:1, k:sandbox@user_001, mode:LOCK, rate:0
2026-04-14 17:18:38, EXEC, v:1, k:sandbox@user_001, mode:LOCK, rate:0
2026-04-14 17:18:38, EXEC, v:1, k:sandbox@user_001, mode:LOCK, rate:0
2026-04-14 17:18:38, EXEC, v:1, k:sandbox@user_001, mode:LOCK, rate:0
2026-04-14 17:19:26, EXEC, v:1, k:sandbox@user_001, mode:LOCK, rate:0, size:17
2026-04-14 17:19:54, EXEC, v:1, k:sandbox@user_001, mode:LOCK, rate:0, size:17
2026-04-14 17:20:10, EXEC, v:1, k:sandbox@user_001, mode:LOCK, rate:0, size:17
2026-04-14 17:21:36, EXEC, v:1, k:sandbox@user_001, mode:LOCK, rate:0, size:20
2026-04-14 17:22:45, MOVE, v:1, k:sandbox@user_001, mode:EDIT
2026-04-14 17:21:36, MOVE, v:1, k:sandbox@user_001, mode:EDIT
2026-04-14 17:24:10, EXEC, v:1, k:sandbox@user_001, mode:FULL, size:23, fail:COMP
2026-04-14 17:25:38, EXEC, v:1, k:sandbox@user_001, mode:FULL, size:23, fail:COMP
2026-04-14 17:27:33, MOVE, v:1, k:sandbox@user_001, mode:EDIT
2026-04-14 17:29:08, MOVE, v:1, k:sandbox@user_001, mode:BACK
2026-04-14 17:29:50, MOVE, v:1, k:fup@vet_i, mode:DOWN
2026-04-14 17:29:51, MOVE, v:1, k:fup@vet_i, mode:PICK
2026-04-14 17:29:53, EXEC, v:1, k:fup@vet_i, mode:FULL, rate:0, size:5
2026-04-14 17:29:50, MOVE, v:1, k:fup@vet_i, mode:EDIT
2026-04-14 17:29:50, MOVE, v:1, k:fup@vet_i, mode:EDIT
2026-04-14 17:29:53, MOVE, v:1, k:fup@vet_i, mode:EDIT
2026-04-14 17:30:51, MOVE, v:1, k:fup@vet_i, mode:EDIT
2026-04-14 17:35:51, EXEC, v:1, k:fup@vet_i, mode:FULL, size:9, fail:COMP
2026-04-14 17:36:07, EXEC, v:1, k:fup@vet_i, mode:FULL, size:9, fail:COMP
2026-04-14 17:37:39, MOVE, v:1, k:fup@vet_i, mode:EDIT
2026-04-14 17:39:41, EXEC, v:1, k:fup@vet_i, mode:FULL, size:10, fail:COMP
2026-04-14 17:39:48, EXEC, v:1, k:fup@vet_i, mode:FULL, size:11, fail:COMP
2026-04-14 17:39:49, EXEC, v:1, k:fup@vet_i, mode:FULL, fail:COMP
2026-04-14 17:39:56, EXEC, v:1, k:fup@vet_i, mode:FULL, size:11, fail:COMP
2026-04-14 17:42:42, MOVE, v:1, k:fup@vet_i, mode:EDIT
2026-04-14 17:44:29, EXEC, v:1, k:fup@vet_i, mode:FULL, size:25, fail:COMP
2026-04-14 17:45:24, EXEC, v:1, k:fup@vet_i, mode:FULL, size:26, fail:COMP
2026-04-14 17:46:07, EXEC, v:1, k:fup@vet_i, mode:FULL, size:26, fail:COMP
2026-04-14 17:46:48, EXEC, v:1, k:fup@vet_i, mode:FULL, size:24, fail:COMP
2026-04-14 17:47:45, EXEC, v:1, k:fup@vet_i, mode:FULL, rate:0, size:24
2026-04-14 17:47:44, MOVE, v:1, k:fup@vet_i, mode:EDIT
2026-04-14 17:47:45, MOVE, v:1, k:fup@vet_i, mode:EDIT
2026-04-14 17:48:06, EXEC, v:1, k:fup@vet_i, mode:FULL, size:14, fail:COMP
2026-04-14 17:48:16, EXEC, v:1, k:fup@vet_i, mode:FULL, rate:0, size:13
2026-04-14 17:49:06, EXEC, v:1, k:fup@vet_i, mode:FULL, size:14, fail:COMP
2026-04-14 17:49:15, EXEC, v:1, k:fup@vet_i, mode:FULL, size:14, fail:COMP
2026-04-14 17:50:19, MOVE, v:1, k:sandbox@user_001, mode:PICK
2026-04-14 17:50:20, EXEC, v:1, k:sandbox@user_001, mode:FULL, size:24, fail:COMP
2026-04-14 17:51:01, EXEC, v:1, k:sandbox@user_001, mode:FULL, size:10, fail:COMP
2026-04-14 17:51:05, MOVE, v:1, k:sandbox@user_001, mode:BACK
2026-04-14 17:51:33, MOVE, v:1, k:fup@vet_i, mode:PICK
2026-04-14 17:51:33, EXEC, v:1, k:fup@vet_i, mode:FULL, rate:0, size:24
2026-04-14 17:52:25, EXEC, v:1, k:fup@vet_i, mode:FULL, rate:0, size:22
2026-04-14 17:52:37, EXEC, v:1, k:fup@vet_i, mode:FULL, rate:25, size:22
2026-04-14 17:53:23, EXEC, v:1, k:fup@vet_i, mode:FULL, rate:25
2026-04-14 17:54:00, EXEC, v:1, k:fup@vet_i, mode:FULL, rate:25
2026-04-14 17:50:59, MOVE, v:1, k:sandbox@user_001, mode:EDIT
2026-04-14 17:54:00, MOVE, v:1, k:fup@vet_i, mode:EDIT
2026-04-14 17:54:53, MOVE, v:1, k:fup@vet_i, mode:EDIT
2026-04-14 17:55:28, EXEC, v:1, k:fup@vet_i, mode:FULL, rate:0, size:22
2026-04-14 17:55:49, EXEC, v:1, k:fup@vet_i, mode:FULL, rate:0, size:22
2026-04-14 17:56:15, EXEC, v:1, k:fup@vet_i, mode:FULL, rate:0, size:22
2026-04-14 17:56:47, EXEC, v:1, k:fup@vet_i, mode:FULL, rate:0
2026-04-14 17:57:12, EXEC, v:1, k:fup@vet_i, mode:FULL, rate:25, size:22
2026-04-14 17:57:19, EXEC, v:1, k:fup@vet_i, mode:FULL, rate:25, size:22
2026-04-14 17:57:29, MOVE, v:1, k:fup@vet_i, mode:PICK
2026-04-14 17:57:30, EXEC, v:1, k:fup@vet_i, mode:FULL, rate:25
2026-04-14 17:57:40, EXEC, v:1, k:fup@vet_i, mode:FULL, rate:0, size:22
2026-04-14 17:59:26, EXEC, v:1, k:fup@vet_i, mode:FULL, rate:25, size:22
2026-04-14 17:59:32, EXEC, v:1, k:fup@vet_i, mode:FULL, rate:25, size:22
2026-04-14 18:00:14, EXEC, v:1, k:fup@vet_i, mode:FULL, rate:0, size:22
2026-04-14 18:00:24, EXEC, v:1, k:fup@vet_i, mode:FULL, rate:25, size:22
2026-04-14 18:00:48, EXEC, v:1, k:fup@vet_i, mode:FULL, rate:0, size:22
2026-04-14 18:01:30, EXEC, v:1, k:fup@vet_i, mode:FULL, rate:100, size:23
2026-04-14 18:01:42, EXEC, v:1, k:fup@vet_i, mode:FULL, rate:100
2026-04-14 18:01:43, MOVE, v:1, k:fup@vet_i, mode:BACK
2026-04-14 18:02:09, SELF, v:1, k:fup@vet_i, self:1, rate:100, study:26, guided:1
2026-04-14 18:02:10, MOVE, v:1, k:fup@vet_i, mode:PICK
2026-04-14 18:02:11, EXEC, v:1, k:fup@vet_i, mode:FULL, rate:100
2026-04-14 18:02:12, MOVE, v:1, k:fup@vet_i, mode:BACK
2026-04-14 18:02:11, MOVE, v:1, k:fup@vet_i, mode:EDIT
2026-04-14 18:01:29, MOVE, v:1, k:fup@vet_i, mode:EDIT
2026-04-14 18:02:29, MOVE, v:1, k:fup@vet_ii, mode:DOWN
2026-04-14 18:02:29, MOVE, v:1, k:fup@vet_ii, mode:PICK
2026-04-14 18:02:30, EXEC, v:1, k:fup@vet_ii, mode:FULL, rate:0, size:5
2026-04-14 18:03:37, EXEC, v:1, k:fup@vet_ii, mode:FULL, size:23, fail:COMP
2026-04-14 18:03:42, EXEC, v:1, k:fup@vet_ii, mode:FULL, fail:COMP
2026-04-14 18:04:22, EXEC, v:1, k:fup@vet_ii, mode:FULL, rate:0, size:24
2026-04-14 18:04:48, EXEC, v:1, k:fup@vet_ii, mode:FULL, rate:0, size:24
2026-04-14 18:04:56, EXEC, v:1, k:fup@vet_ii, mode:FULL, rate:0, size:24
2026-04-14 18:05:11, EXEC, v:1, k:fup@vet_ii, mode:FULL, rate:75, size:24
2026-04-14 18:05:25, EXEC, v:1, k:fup@vet_ii, mode:FULL, rate:25, size:24
2026-04-14 18:06:15, EXEC, v:1, k:fup@vet_ii, mode:FULL, rate:50, size:24
2026-04-14 18:06:43, EXEC, v:1, k:fup@vet_ii, mode:FULL, rate:50, size:24
2026-04-14 18:02:29, MOVE, v:1, k:fup@vet_ii, mode:EDIT
2026-04-14 18:02:29, MOVE, v:1, k:fup@vet_ii, mode:EDIT
2026-04-14 18:07:23, MOVE, v:1, k:fup@vet_ii, mode:EDIT
2026-04-14 18:06:43, MOVE, v:1, k:fup@vet_ii, mode:EDIT
2026-04-14 18:07:48, EXEC, v:1, k:fup@vet_ii, mode:FULL, size:24, fail:COMP
2026-04-14 18:07:54, EXEC, v:1, k:fup@vet_ii, mode:FULL, fail:COMP
2026-04-14 18:08:01, EXEC, v:1, k:fup@vet_ii, mode:FULL, fail:COMP
2026-04-14 18:08:50, EXEC, v:1, k:fup@vet_ii, mode:FULL, size:24, fail:COMP
2026-04-14 18:09:24, EXEC, v:1, k:fup@vet_ii, mode:FULL, size:24, fail:COMP
2026-04-14 18:09:42, EXEC, v:1, k:fup@vet_ii, mode:FULL, rate:50, size:24
2026-04-14 18:09:53, EXEC, v:1, k:fup@vet_ii, mode:FULL, rate:50
2026-04-14 18:09:57, EXEC, v:1, k:fup@vet_ii, mode:FULL, rate:50
2026-04-14 18:10:16, EXEC, v:1, k:fup@vet_ii, mode:FULL, rate:50
2026-04-14 18:10:23, EXEC, v:1, k:fup@vet_ii, mode:FULL, rate:25, size:24
2026-04-14 18:10:38, EXEC, v:1, k:fup@vet_ii, mode:FULL, rate:25
2026-04-14 18:10:58, EXEC, v:1, k:fup@vet_ii, mode:FULL, rate:75, size:24
2026-04-14 18:10:59, EXEC, v:1, k:fup@vet_ii, mode:FULL, rate:75
2026-04-14 18:10:42, MOVE, v:1, k:fup@vet_ii, mode:EDIT
2026-04-14 18:10:59, MOVE, v:1, k:fup@vet_ii, mode:EDIT
2026-04-14 18:14:15, EXEC, v:1, k:fup@vet_ii, mode:FULL, size:27, fail:COMP
2026-04-14 18:14:51, EXEC, v:1, k:fup@vet_ii, mode:FULL, size:27, fail:COMP
2026-04-14 18:16:01, EXEC, v:1, k:fup@vet_ii, mode:FULL, rate:0, size:28
2026-04-14 18:16:39, EXEC, v:1, k:fup@vet_ii, mode:FULL, size:26, fail:COMP
2026-04-14 18:16:55, EXEC, v:1, k:fup@vet_ii, mode:FULL, rate:75, size:24
2026-04-14 18:17:10, EXEC, v:1, k:fup@vet_ii, mode:FULL, rate:25, size:24
2026-04-14 18:17:28, MOVE, v:1, k:fup@vet_ii, mode:EDIT
2026-04-14 18:17:10, MOVE, v:1, k:fup@vet_ii, mode:EDIT
2026-04-14 18:18:26, EXEC, v:1, k:fup@vet_ii, mode:FULL, rate:25, size:26
2026-04-14 18:18:56, EXEC, v:1, k:fup@vet_ii, mode:FULL, size:25, fail:COMP
2026-04-14 18:19:06, EXEC, v:1, k:fup@vet_ii, mode:FULL, rate:25, size:24
2026-04-14 18:19:16, EXEC, v:1, k:fup@vet_ii, mode:FULL, rate:75, size:24
2026-04-14 18:19:59, MOVE, v:1, k:fup@vet_ii, mode:BACK
2026-04-14 18:20:18, MOVE, v:1, k:eval1@pares, mode:PICK
2026-04-14 18:20:20, EXEC, v:1, k:eval1@pares, mode:FULL, fail:COMP
2026-04-14 18:20:34, EXEC, v:1, k:eval1@pares, mode:FULL, rate:100, size:18
2026-04-14 18:20:36, EXEC, v:1, k:eval1@pares, mode:FULL, rate:100
2026-04-14 18:20:36, MOVE, v:1, k:eval1@pares, mode:BACK
2026-04-14 18:20:46, SELF, v:1, k:eval1@pares, self:1, rate:100
